2020-06-16 10:39:17.456  INFO 1740 --- [restartedMain] c.j.minio.example.SpringBootMinio        : Starting SpringBootMinio on DESKTOP-RRGTQS7 with PID 1740 (D:\EGOV\LRIS\MINIO\spring-boot-minio-example-master\target\classes started by ADMIN in D:\EGOV\LRIS\MINIO\spring-boot-minio-example-master)
2020-06-16 10:39:17.460  INFO 1740 --- [restartedMain] c.j.minio.example.SpringBootMinio        : No active profile set, falling back to default profiles: default
2020-06-16 10:39:17.505  INFO 1740 --- [restartedMain] .e.DevToolsPropertyDefaultsPostProcessor : Devtools property defaults active! Set 'spring.devtools.add-properties' to 'false' to disable
2020-06-16 10:39:17.505  INFO 1740 --- [restartedMain] .e.DevToolsPropertyDefaultsPostProcessor : For additional web related logging consider setting the 'logging.level.web' property to 'DEBUG'
2020-06-16 10:39:18.395  INFO 1740 --- [restartedMain] o.s.b.w.embedded.tomcat.TomcatWebServer  : Tomcat initialized with port(s): 8080 (http)
2020-06-16 10:39:18.400  INFO 1740 --- [restartedMain] o.apache.catalina.core.StandardService   : Starting service [Tomcat]
2020-06-16 10:39:18.401  INFO 1740 --- [restartedMain] org.apache.catalina.core.StandardEngine  : Starting Servlet engine: [Apache Tomcat/9.0.27]
2020-06-16 10:39:18.450  INFO 1740 --- [restartedMain] o.a.c.c.C.[Tomcat].[localhost].[/]       : Initializing Spring embedded WebApplicationContext
2020-06-16 10:39:18.451  INFO 1740 --- [restartedMain] o.s.web.context.ContextLoader            : Root WebApplicationContext: initialization completed in 946 ms
2020-06-16 10:39:19.267  INFO 1740 --- [Thread-5] c.j.s.b.m.MinioNotificationConfiguration : Registering Minio handler on handleGetPdf with notification [s3:ObjectAccessed:Get]
2020-06-16 10:39:19.266  INFO 1740 --- [Thread-4] c.j.s.b.m.MinioNotificationConfiguration : Registering Minio handler on handleUpload with notification [s3:ObjectCreated:Post]
2020-06-16 10:39:19.281  INFO 1740 --- [restartedMain] o.s.s.concurrent.ThreadPoolTaskExecutor  : Initializing ExecutorService 'applicationTaskExecutor'
2020-06-16 10:39:19.654  INFO 1740 --- [restartedMain] o.s.b.a.e.web.EndpointLinksResolver      : Exposing 14 endpoint(s) beneath base path '/actuator'
2020-06-16 10:39:19.761  INFO 1740 --- [restartedMain] o.s.b.d.a.OptionalLiveReloadServer       : LiveReload server is running on port 35729
2020-06-16 10:39:19.836  INFO 1740 --- [restartedMain] o.s.b.w.embedded.tomcat.TomcatWebServer  : Tomcat started on port(s): 8080 (http) with context path ''
2020-06-16 10:39:19.840  INFO 1740 --- [restartedMain] c.j.minio.example.SpringBootMinio        : Started SpringBootMinio in 2.641 seconds (JVM running for 3.407)
2020-06-16 10:39:21.544  INFO 1740 --- [RMI TCP Connection(3)-127.0.0.1] o.a.c.c.C.[Tomcat].[localhost].[/]       : Initializing Spring DispatcherServlet 'dispatcherServlet'
2020-06-16 10:39:21.544  INFO 1740 --- [RMI TCP Connection(3)-127.0.0.1] o.s.web.servlet.DispatcherServlet        : Initializing Servlet 'dispatcherServlet'
2020-06-16 10:39:21.552  INFO 1740 --- [RMI TCP Connection(3)-127.0.0.1] o.s.web.servlet.DispatcherServlet        : Completed initialization in 7 ms
2020-06-16 10:39:31.313  INFO 1740 --- [http-nio-8080-exec-1] c.j.minio.example.MainController         : Liet ke danh sach file
2020-06-16 10:39:44.818  INFO 1740 --- [http-nio-8080-exec-5] c.j.minio.example.MainController         : Liet ke danh sach file
2020-06-16 10:43:19.934  INFO 1740 --- [http-nio-8080-exec-10] c.j.minio.example.MainController         : Thong ke so luong file
2020-06-16 10:43:37.941  INFO 1740 --- [http-nio-8080-exec-2] c.j.minio.example.MainController         : Liet ke danh sach file
2020-06-16 10:44:00.633  INFO 1740 --- [RMI TCP Connection(14)-127.0.0.1] inMXBeanRegistrar$SpringApplicationAdmin : Application shutdown requested.
2020-06-16 10:44:00.637  INFO 1740 --- [RMI TCP Connection(14)-127.0.0.1] o.s.s.concurrent.ThreadPoolTaskExecutor  : Shutting down ExecutorService 'applicationTaskExecutor'
2020-06-16 14:52:08.938  INFO 10812 --- [restartedMain] c.j.minio.example.SpringBootMinio        : Starting SpringBootMinio on DESKTOP-RRGTQS7 with PID 10812 (D:\EGOV\LRIS\MINIO\spring-boot-minio-example-master\target\classes started by ADMIN in D:\EGOV\LRIS\MINIO\spring-boot-minio-example-master)
2020-06-16 14:52:08.940  INFO 10812 --- [restartedMain] c.j.minio.example.SpringBootMinio        : No active profile set, falling back to default profiles: default
2020-06-16 14:52:08.972  INFO 10812 --- [restartedMain] .e.DevToolsPropertyDefaultsPostProcessor : Devtools property defaults active! Set 'spring.devtools.add-properties' to 'false' to disable
2020-06-16 14:52:08.972  INFO 10812 --- [restartedMain] .e.DevToolsPropertyDefaultsPostProcessor : For additional web related logging consider setting the 'logging.level.web' property to 'DEBUG'
2020-06-16 14:52:09.832  INFO 10812 --- [restartedMain] o.s.b.w.embedded.tomcat.TomcatWebServer  : Tomcat initialized with port(s): 8080 (http)
2020-06-16 14:52:09.837  INFO 10812 --- [restartedMain] o.apache.catalina.core.StandardService   : Starting service [Tomcat]
2020-06-16 14:52:09.837  INFO 10812 --- [restartedMain] org.apache.catalina.core.StandardEngine  : Starting Servlet engine: [Apache Tomcat/9.0.27]
2020-06-16 14:52:09.884  INFO 10812 --- [restartedMain] o.a.c.c.C.[Tomcat].[localhost].[/]       : Initializing Spring embedded WebApplicationContext
2020-06-16 14:52:09.885  INFO 10812 --- [restartedMain] o.s.web.context.ContextLoader            : Root WebApplicationContext: initialization completed in 913 ms
2020-06-16 14:52:10.303  INFO 10812 --- [Thread-4] c.j.s.b.m.MinioNotificationConfiguration : Registering Minio handler on handleUpload with notification [s3:ObjectCreated:Post]
2020-06-16 14:52:10.303  INFO 10812 --- [Thread-5] c.j.s.b.m.MinioNotificationConfiguration : Registering Minio handler on handleGetPdf with notification [s3:ObjectAccessed:Get]
2020-06-16 14:52:10.321  INFO 10812 --- [restartedMain] o.s.s.concurrent.ThreadPoolTaskExecutor  : Initializing ExecutorService 'applicationTaskExecutor'
2020-06-16 14:52:10.541  INFO 10812 --- [restartedMain] o.s.b.a.e.web.EndpointLinksResolver      : Exposing 14 endpoint(s) beneath base path '/actuator'
2020-06-16 14:52:10.639  INFO 10812 --- [restartedMain] o.s.b.d.a.OptionalLiveReloadServer       : LiveReload server is running on port 35729
2020-06-16 14:52:10.690  INFO 10812 --- [restartedMain] o.s.b.w.embedded.tomcat.TomcatWebServer  : Tomcat started on port(s): 8080 (http) with context path ''
2020-06-16 14:52:10.695  INFO 10812 --- [restartedMain] c.j.minio.example.SpringBootMinio        : Started SpringBootMinio in 2.047 seconds (JVM running for 2.717)
2020-06-16 14:52:43.384  INFO 10812 --- [http-nio-8080-exec-1] o.a.c.c.C.[Tomcat].[localhost].[/]       : Initializing Spring DispatcherServlet 'dispatcherServlet'
2020-06-16 14:52:43.384  INFO 10812 --- [http-nio-8080-exec-1] o.s.web.servlet.DispatcherServlet        : Initializing Servlet 'dispatcherServlet'
2020-06-16 14:52:43.391  INFO 10812 --- [http-nio-8080-exec-1] o.s.web.servlet.DispatcherServlet        : Completed initialization in 7 ms
2020-06-16 14:53:35.026  INFO 10812 --- [http-nio-8080-exec-4] c.j.minio.example.MainController         : Thực hiện upload file:amazon_devops_vpc.txt
2020-06-16 14:55:25.732  INFO 10812 --- [http-nio-8080-exec-1] c.j.minio.example.MainController         : Thực hiện upload file:Huong dan Sprint.MP4
2020-06-16 14:56:21.827  INFO 10812 --- [http-nio-8080-exec-3] c.j.minio.example.MainController         : Liet ke danh sach file
2020-06-16 14:56:37.392  INFO 10812 --- [http-nio-8080-exec-5] c.j.minio.example.MainController         : Xoa file:demo.pdf
2020-06-16 14:56:40.349  INFO 10812 --- [http-nio-8080-exec-6] c.j.minio.example.MainController         : Xoa file:Huong dan Sprint.MP4
2020-06-16 14:57:57.360  INFO 10812 --- [http-nio-8080-exec-10] c.j.minio.example.MainController         : Liet ke danh sach file
2020-06-16 14:58:12.063  INFO 10812 --- [RMI TCP Connection(13)-127.0.0.1] inMXBeanRegistrar$SpringApplicationAdmin : Application shutdown requested.
2020-06-16 14:58:12.070  INFO 10812 --- [RMI TCP Connection(13)-127.0.0.1] o.s.s.concurrent.ThreadPoolTaskExecutor  : Shutting down ExecutorService 'applicationTaskExecutor'
2020-06-16 15:01:30.256  INFO 9764 --- [restartedMain] c.j.minio.example.SpringBootMinio        : Starting SpringBootMinio on DESKTOP-RRGTQS7 with PID 9764 (D:\EGOV\LRIS\MINIO\spring-boot-minio-example-master\target\classes started by ADMIN in D:\EGOV\LRIS\MINIO\spring-boot-minio-example-master)
2020-06-16 15:01:30.266  INFO 9764 --- [restartedMain] c.j.minio.example.SpringBootMinio        : No active profile set, falling back to default profiles: default
2020-06-16 15:01:30.303  INFO 9764 --- [restartedMain] .e.DevToolsPropertyDefaultsPostProcessor : Devtools property defaults active! Set 'spring.devtools.add-properties' to 'false' to disable
2020-06-16 15:01:30.303  INFO 9764 --- [restartedMain] .e.DevToolsPropertyDefaultsPostProcessor : For additional web related logging consider setting the 'logging.level.web' property to 'DEBUG'
2020-06-16 15:01:31.212  INFO 9764 --- [restartedMain] o.s.b.w.embedded.tomcat.TomcatWebServer  : Tomcat initialized with port(s): 8080 (http)
2020-06-16 15:01:31.218  INFO 9764 --- [restartedMain] o.apache.catalina.core.StandardService   : Starting service [Tomcat]
2020-06-16 15:01:31.218  INFO 9764 --- [restartedMain] org.apache.catalina.core.StandardEngine  : Starting Servlet engine: [Apache Tomcat/9.0.27]
2020-06-16 15:01:31.269  INFO 9764 --- [restartedMain] o.a.c.c.C.[Tomcat].[localhost].[/]       : Initializing Spring embedded WebApplicationContext
2020-06-16 15:01:31.269  INFO 9764 --- [restartedMain] o.s.web.context.ContextLoader            : Root WebApplicationContext: initialization completed in 966 ms
2020-06-16 15:01:31.698  INFO 9764 --- [Thread-4] c.j.s.b.m.MinioNotificationConfiguration : Registering Minio handler on handleGetPdf with notification [s3:ObjectAccessed:Get]
2020-06-16 15:01:31.699  INFO 9764 --- [Thread-5] c.j.s.b.m.MinioNotificationConfiguration : Registering Minio handler on handleUpload with notification [s3:ObjectCreated:Post]
2020-06-16 15:01:31.722  INFO 9764 --- [restartedMain] o.s.s.concurrent.ThreadPoolTaskExecutor  : Initializing ExecutorService 'applicationTaskExecutor'
2020-06-16 15:01:31.927  INFO 9764 --- [restartedMain] o.s.b.a.e.web.EndpointLinksResolver      : Exposing 14 endpoint(s) beneath base path '/actuator'
2020-06-16 15:01:32.020  INFO 9764 --- [restartedMain] o.s.b.d.a.OptionalLiveReloadServer       : LiveReload server is running on port 35729
2020-06-16 15:01:32.079  INFO 9764 --- [restartedMain] o.s.b.w.embedded.tomcat.TomcatWebServer  : Tomcat started on port(s): 8080 (http) with context path ''
2020-06-16 15:01:32.083  INFO 9764 --- [restartedMain] c.j.minio.example.SpringBootMinio        : Started SpringBootMinio in 2.078 seconds (JVM running for 2.729)
2020-06-16 15:01:42.002  INFO 9764 --- [http-nio-8080-exec-1] o.a.c.c.C.[Tomcat].[localhost].[/]       : Initializing Spring DispatcherServlet 'dispatcherServlet'
2020-06-16 15:01:42.002  INFO 9764 --- [http-nio-8080-exec-1] o.s.web.servlet.DispatcherServlet        : Initializing Servlet 'dispatcherServlet'
2020-06-16 15:01:42.010  INFO 9764 --- [http-nio-8080-exec-1] o.s.web.servlet.DispatcherServlet        : Completed initialization in 8 ms
2020-06-16 15:01:42.036  INFO 9764 --- [http-nio-8080-exec-1] c.j.minio.example.MainController         : Liet ke danh sach file
2020-06-16 15:01:53.498  INFO 9764 --- [http-nio-8080-exec-4] c.j.minio.example.MainController         : Xoa file:demo.pdf
2020-06-16 15:01:56.292  INFO 9764 --- [http-nio-8080-exec-5] c.j.minio.example.MainController         : Xoa file:demo.pdf
2020-06-16 15:01:59.754  INFO 9764 --- [http-nio-8080-exec-6] c.j.minio.example.MainController         : Xoa file:demo.pdf
2020-06-16 15:02:49.622  INFO 9764 --- [Thread-7] o.s.s.concurrent.ThreadPoolTaskExecutor  : Shutting down ExecutorService 'applicationTaskExecutor'
2020-06-16 15:02:49.849  INFO 9764 --- [restartedMain] c.j.minio.example.SpringBootMinio        : Starting SpringBootMinio on DESKTOP-RRGTQS7 with PID 9764 (D:\EGOV\LRIS\MINIO\spring-boot-minio-example-master\target\classes started by ADMIN in D:\EGOV\LRIS\MINIO\spring-boot-minio-example-master)
2020-06-16 15:02:49.849  INFO 9764 --- [restartedMain] c.j.minio.example.SpringBootMinio        : No active profile set, falling back to default profiles: default
2020-06-16 15:02:50.079  WARN 9764 --- [restartedMain] org.apache.tomcat.util.modeler.Registry  : The MBean registry cannot be disabled because it has already been initialised
2020-06-16 15:02:50.086  INFO 9764 --- [restartedMain] o.s.b.w.embedded.tomcat.TomcatWebServer  : Tomcat initialized with port(s): 8080 (http)
2020-06-16 15:02:50.087  INFO 9764 --- [restartedMain] o.apache.catalina.core.StandardService   : Starting service [Tomcat]
2020-06-16 15:02:50.087  INFO 9764 --- [restartedMain] org.apache.catalina.core.StandardEngine  : Starting Servlet engine: [Apache Tomcat/9.0.27]
2020-06-16 15:02:50.101  INFO 9764 --- [restartedMain] o.a.c.c.C.[Tomcat].[localhost].[/]       : Initializing Spring embedded WebApplicationContext
2020-06-16 15:02:50.101  INFO 9764 --- [restartedMain] o.s.web.context.ContextLoader            : Root WebApplicationContext: initialization completed in 249 ms
2020-06-16 15:02:50.215  INFO 9764 --- [Thread-14] c.j.s.b.m.MinioNotificationConfiguration : Registering Minio handler on handleUpload with notification [s3:ObjectCreated:Post]
2020-06-16 15:02:50.215  INFO 9764 --- [Thread-13] c.j.s.b.m.MinioNotificationConfiguration : Registering Minio handler on handleGetPdf with notification [s3:ObjectAccessed:Get]
2020-06-16 15:02:50.222  INFO 9764 --- [restartedMain] o.s.s.concurrent.ThreadPoolTaskExecutor  : Initializing ExecutorService 'applicationTaskExecutor'
2020-06-16 15:02:50.298  INFO 9764 --- [restartedMain] o.s.b.a.e.web.EndpointLinksResolver      : Exposing 14 endpoint(s) beneath base path '/actuator'
2020-06-16 15:02:50.339  INFO 9764 --- [restartedMain] o.s.b.d.a.OptionalLiveReloadServer       : LiveReload server is running on port 35729
2020-06-16 15:02:50.355  INFO 9764 --- [restartedMain] o.s.b.w.embedded.tomcat.TomcatWebServer  : Tomcat started on port(s): 8080 (http) with context path ''
2020-06-16 15:02:50.356  INFO 9764 --- [restartedMain] c.j.minio.example.SpringBootMinio        : Started SpringBootMinio in 0.525 seconds (JVM running for 81.002)
2020-06-16 15:02:50.359  INFO 9764 --- [restartedMain] .ConditionEvaluationDeltaLoggingListener : Condition evaluation unchanged
2020-06-16 15:02:56.506  INFO 9764 --- [http-nio-8080-exec-1] o.a.c.c.C.[Tomcat].[localhost].[/]       : Initializing Spring DispatcherServlet 'dispatcherServlet'
2020-06-16 15:02:56.506  INFO 9764 --- [http-nio-8080-exec-1] o.s.web.servlet.DispatcherServlet        : Initializing Servlet 'dispatcherServlet'
2020-06-16 15:02:56.511  INFO 9764 --- [http-nio-8080-exec-1] o.s.web.servlet.DispatcherServlet        : Completed initialization in 5 ms
2020-06-16 15:02:56.515  INFO 9764 --- [http-nio-8080-exec-1] c.j.minio.example.MainController         : Xoa file:deo.pdf
2020-06-16 15:03:00.299  INFO 9764 --- [http-nio-8080-exec-2] c.j.minio.example.MainController         : Xoa file:deo.pdf
2020-06-16 15:04:16.985  INFO 9764 --- [Thread-10] o.s.s.concurrent.ThreadPoolTaskExecutor  : Shutting down ExecutorService 'applicationTaskExecutor'
2020-06-16 15:04:17.285  INFO 9764 --- [restartedMain] c.j.minio.example.SpringBootMinio        : Starting SpringBootMinio on DESKTOP-RRGTQS7 with PID 9764 (D:\EGOV\LRIS\MINIO\spring-boot-minio-example-master\target\classes started by ADMIN in D:\EGOV\LRIS\MINIO\spring-boot-minio-example-master)
2020-06-16 15:04:17.285  INFO 9764 --- [restartedMain] c.j.minio.example.SpringBootMinio        : No active profile set, falling back to default profiles: default
2020-06-16 15:04:17.512  WARN 9764 --- [restartedMain] org.apache.tomcat.util.modeler.Registry  : The MBean registry cannot be disabled because it has already been initialised
2020-06-16 15:04:17.519  INFO 9764 --- [restartedMain] o.s.b.w.embedded.tomcat.TomcatWebServer  : Tomcat initialized with port(s): 8080 (http)
2020-06-16 15:04:17.520  INFO 9764 --- [restartedMain] o.apache.catalina.core.StandardService   : Starting service [Tomcat]
2020-06-16 15:04:17.520  INFO 9764 --- [restartedMain] org.apache.catalina.core.StandardEngine  : Starting Servlet engine: [Apache Tomcat/9.0.27]
2020-06-16 15:04:17.533  INFO 9764 --- [restartedMain] o.a.c.c.C.[Tomcat].[localhost].[/]       : Initializing Spring embedded WebApplicationContext
2020-06-16 15:04:17.533  INFO 9764 --- [restartedMain] o.s.web.context.ContextLoader            : Root WebApplicationContext: initialization completed in 245 ms
2020-06-16 15:04:17.626  INFO 9764 --- [Thread-21] c.j.s.b.m.MinioNotificationConfiguration : Registering Minio handler on handleUpload with notification [s3:ObjectCreated:Post]
2020-06-16 15:04:17.626  INFO 9764 --- [Thread-20] c.j.s.b.m.MinioNotificationConfiguration : Registering Minio handler on handleGetPdf with notification [s3:ObjectAccessed:Get]
2020-06-16 15:04:17.636  INFO 9764 --- [restartedMain] o.s.s.concurrent.ThreadPoolTaskExecutor  : Initializing ExecutorService 'applicationTaskExecutor'
2020-06-16 15:04:17.709  INFO 9764 --- [restartedMain] o.s.b.a.e.web.EndpointLinksResolver      : Exposing 14 endpoint(s) beneath base path '/actuator'
2020-06-16 15:04:17.745  INFO 9764 --- [restartedMain] o.s.b.d.a.OptionalLiveReloadServer       : LiveReload server is running on port 35729
2020-06-16 15:04:17.761  INFO 9764 --- [restartedMain] o.s.b.w.embedded.tomcat.TomcatWebServer  : Tomcat started on port(s): 8080 (http) with context path ''
2020-06-16 15:04:17.763  INFO 9764 --- [restartedMain] c.j.minio.example.SpringBootMinio        : Started SpringBootMinio in 0.501 seconds (JVM running for 168.409)
2020-06-16 15:04:17.766  INFO 9764 --- [restartedMain] .ConditionEvaluationDeltaLoggingListener : Condition evaluation unchanged
2020-06-16 15:04:34.169  INFO 9764 --- [http-nio-8080-exec-1] o.a.c.c.C.[Tomcat].[localhost].[/]       : Initializing Spring DispatcherServlet 'dispatcherServlet'
2020-06-16 15:04:34.169  INFO 9764 --- [http-nio-8080-exec-1] o.s.web.servlet.DispatcherServlet        : Initializing Servlet 'dispatcherServlet'
2020-06-16 15:04:34.175  INFO 9764 --- [http-nio-8080-exec-1] o.s.web.servlet.DispatcherServlet        : Completed initialization in 6 ms
2020-06-16 15:04:34.179  INFO 9764 --- [http-nio-8080-exec-1] c.j.minio.example.MainController         : Xoa file:deo.pdf
2020-06-16 15:04:36.607  INFO 9764 --- [http-nio-8080-exec-2] c.j.minio.example.MainController         : Xoa file:deo.pdf
2020-06-16 15:04:38.120  INFO 9764 --- [http-nio-8080-exec-3] c.j.minio.example.MainController         : Xoa file:deo.pdf
2020-06-16 15:04:40.107  INFO 9764 --- [http-nio-8080-exec-4] c.j.minio.example.MainController         : Xoa file:deo.pdf
2020-06-16 15:07:54.659  INFO 9764 --- [Thread-17] o.s.s.concurrent.ThreadPoolTaskExecutor  : Shutting down ExecutorService 'applicationTaskExecutor'
2020-06-16 15:07:54.885  INFO 9764 --- [restartedMain] c.j.minio.example.SpringBootMinio        : Starting SpringBootMinio on DESKTOP-RRGTQS7 with PID 9764 (D:\EGOV\LRIS\MINIO\spring-boot-minio-example-master\target\classes started by ADMIN in D:\EGOV\LRIS\MINIO\spring-boot-minio-example-master)
2020-06-16 15:07:54.885  INFO 9764 --- [restartedMain] c.j.minio.example.SpringBootMinio        : No active profile set, falling back to default profiles: default
2020-06-16 15:07:55.076  WARN 9764 --- [restartedMain] org.apache.tomcat.util.modeler.Registry  : The MBean registry cannot be disabled because it has already been initialised
2020-06-16 15:07:55.084  INFO 9764 --- [restartedMain] o.s.b.w.embedded.tomcat.TomcatWebServer  : Tomcat initialized with port(s): 8080 (http)
2020-06-16 15:07:55.085  INFO 9764 --- [restartedMain] o.apache.catalina.core.StandardService   : Starting service [Tomcat]
2020-06-16 15:07:55.085  INFO 9764 --- [restartedMain] org.apache.catalina.core.StandardEngine  : Starting Servlet engine: [Apache Tomcat/9.0.27]
2020-06-16 15:07:55.098  INFO 9764 --- [restartedMain] o.a.c.c.C.[Tomcat].[localhost].[/]       : Initializing Spring embedded WebApplicationContext
2020-06-16 15:07:55.099  INFO 9764 --- [restartedMain] o.s.web.context.ContextLoader            : Root WebApplicationContext: initialization completed in 211 ms
2020-06-16 15:07:55.193  INFO 9764 --- [Thread-28] c.j.s.b.m.MinioNotificationConfiguration : Registering Minio handler on handleUpload with notification [s3:ObjectCreated:Post]
2020-06-16 15:07:55.193  INFO 9764 --- [Thread-27] c.j.s.b.m.MinioNotificationConfiguration : Registering Minio handler on handleGetPdf with notification [s3:ObjectAccessed:Get]
2020-06-16 15:07:55.201  INFO 9764 --- [restartedMain] o.s.s.concurrent.ThreadPoolTaskExecutor  : Initializing ExecutorService 'applicationTaskExecutor'
2020-06-16 15:07:55.267  INFO 9764 --- [restartedMain] o.s.b.a.e.web.EndpointLinksResolver      : Exposing 14 endpoint(s) beneath base path '/actuator'
2020-06-16 15:07:55.308  INFO 9764 --- [restartedMain] o.s.b.d.a.OptionalLiveReloadServer       : LiveReload server is running on port 35729
2020-06-16 15:07:55.326  INFO 9764 --- [restartedMain] o.s.b.w.embedded.tomcat.TomcatWebServer  : Tomcat started on port(s): 8080 (http) with context path ''
2020-06-16 15:07:55.327  INFO 9764 --- [restartedMain] c.j.minio.example.SpringBootMinio        : Started SpringBootMinio in 0.458 seconds (JVM running for 385.973)
2020-06-16 15:07:55.329  INFO 9764 --- [restartedMain] .ConditionEvaluationDeltaLoggingListener : Condition evaluation unchanged
2020-06-16 15:09:17.930  INFO 9764 --- [Thread-24] o.s.s.concurrent.ThreadPoolTaskExecutor  : Shutting down ExecutorService 'applicationTaskExecutor'
2020-06-16 15:09:18.158  INFO 9764 --- [restartedMain] c.j.minio.example.SpringBootMinio        : Starting SpringBootMinio on DESKTOP-RRGTQS7 with PID 9764 (D:\EGOV\LRIS\MINIO\spring-boot-minio-example-master\target\classes started by ADMIN in D:\EGOV\LRIS\MINIO\spring-boot-minio-example-master)
2020-06-16 15:09:18.158  INFO 9764 --- [restartedMain] c.j.minio.example.SpringBootMinio        : No active profile set, falling back to default profiles: default
2020-06-16 15:09:18.346  WARN 9764 --- [restartedMain] org.apache.tomcat.util.modeler.Registry  : The MBean registry cannot be disabled because it has already been initialised
2020-06-16 15:09:18.354  INFO 9764 --- [restartedMain] o.s.b.w.embedded.tomcat.TomcatWebServer  : Tomcat initialized with port(s): 8080 (http)
2020-06-16 15:09:18.354  INFO 9764 --- [restartedMain] o.apache.catalina.core.StandardService   : Starting service [Tomcat]
2020-06-16 15:09:18.355  INFO 9764 --- [restartedMain] org.apache.catalina.core.StandardEngine  : Starting Servlet engine: [Apache Tomcat/9.0.27]
2020-06-16 15:09:18.367  INFO 9764 --- [restartedMain] o.a.c.c.C.[Tomcat].[localhost].[/]       : Initializing Spring embedded WebApplicationContext
2020-06-16 15:09:18.367  INFO 9764 --- [restartedMain] o.s.web.context.ContextLoader            : Root WebApplicationContext: initialization completed in 207 ms
2020-06-16 15:09:18.452  INFO 9764 --- [Thread-35] c.j.s.b.m.MinioNotificationConfiguration : Registering Minio handler on handleUpload with notification [s3:ObjectCreated:Post]
2020-06-16 15:09:18.452  INFO 9764 --- [Thread-34] c.j.s.b.m.MinioNotificationConfiguration : Registering Minio handler on handleGetPdf with notification [s3:ObjectAccessed:Get]
2020-06-16 15:09:18.457  INFO 9764 --- [restartedMain] o.s.s.concurrent.ThreadPoolTaskExecutor  : Initializing ExecutorService 'applicationTaskExecutor'
2020-06-16 15:09:18.522  INFO 9764 --- [restartedMain] o.s.b.a.e.web.EndpointLinksResolver      : Exposing 14 endpoint(s) beneath base path '/actuator'
2020-06-16 15:09:18.557  INFO 9764 --- [restartedMain] o.s.b.d.a.OptionalLiveReloadServer       : LiveReload server is running on port 35729
2020-06-16 15:09:18.575  INFO 9764 --- [restartedMain] o.s.b.w.embedded.tomcat.TomcatWebServer  : Tomcat started on port(s): 8080 (http) with context path ''
2020-06-16 15:09:18.575  INFO 9764 --- [restartedMain] c.j.minio.example.SpringBootMinio        : Started SpringBootMinio in 0.432 seconds (JVM running for 469.222)
2020-06-16 15:09:18.577  INFO 9764 --- [restartedMain] .ConditionEvaluationDeltaLoggingListener : Condition evaluation unchanged
2020-06-16 15:09:26.749  INFO 9764 --- [http-nio-8080-exec-1] o.a.c.c.C.[Tomcat].[localhost].[/]       : Initializing Spring DispatcherServlet 'dispatcherServlet'
2020-06-16 15:09:26.750  INFO 9764 --- [http-nio-8080-exec-1] o.s.web.servlet.DispatcherServlet        : Initializing Servlet 'dispatcherServlet'
2020-06-16 15:09:26.757  INFO 9764 --- [http-nio-8080-exec-1] o.s.web.servlet.DispatcherServlet        : Completed initialization in 7 ms
2020-06-16 15:09:26.759  INFO 9764 --- [http-nio-8080-exec-1] c.j.minio.example.MainController         : Xoa file:deo.pdf
2020-06-16 15:09:28.866  INFO 9764 --- [http-nio-8080-exec-2] c.j.minio.example.MainController         : Xoa file:deo.pdf
2020-06-16 15:12:01.399  INFO 9764 --- [Thread-31] o.s.s.concurrent.ThreadPoolTaskExecutor  : Shutting down ExecutorService 'applicationTaskExecutor'
2020-06-16 15:12:01.644  INFO 9764 --- [restartedMain] c.j.minio.example.SpringBootMinio        : Starting SpringBootMinio on DESKTOP-RRGTQS7 with PID 9764 (D:\EGOV\LRIS\MINIO\spring-boot-minio-example-master\target\classes started by ADMIN in D:\EGOV\LRIS\MINIO\spring-boot-minio-example-master)
2020-06-16 15:12:01.644  INFO 9764 --- [restartedMain] c.j.minio.example.SpringBootMinio        : No active profile set, falling back to default profiles: default
2020-06-16 15:12:01.864  WARN 9764 --- [restartedMain] org.apache.tomcat.util.modeler.Registry  : The MBean registry cannot be disabled because it has already been initialised
2020-06-16 15:12:01.872  INFO 9764 --- [restartedMain] o.s.b.w.embedded.tomcat.TomcatWebServer  : Tomcat initialized with port(s): 8080 (http)
2020-06-16 15:12:01.873  INFO 9764 --- [restartedMain] o.apache.catalina.core.StandardService   : Starting service [Tomcat]
2020-06-16 15:12:01.873  INFO 9764 --- [restartedMain] org.apache.catalina.core.StandardEngine  : Starting Servlet engine: [Apache Tomcat/9.0.27]
2020-06-16 15:12:01.887  INFO 9764 --- [restartedMain] o.a.c.c.C.[Tomcat].[localhost].[/]       : Initializing Spring embedded WebApplicationContext
2020-06-16 15:12:01.888  INFO 9764 --- [restartedMain] o.s.web.context.ContextLoader            : Root WebApplicationContext: initialization completed in 242 ms
2020-06-16 15:12:01.974  INFO 9764 --- [Thread-41] c.j.s.b.m.MinioNotificationConfiguration : Registering Minio handler on handleGetPdf with notification [s3:ObjectAccessed:Get]
2020-06-16 15:12:01.974  INFO 9764 --- [Thread-42] c.j.s.b.m.MinioNotificationConfiguration : Registering Minio handler on handleUpload with notification [s3:ObjectCreated:Post]
2020-06-16 15:12:01.982  INFO 9764 --- [restartedMain] o.s.s.concurrent.ThreadPoolTaskExecutor  : Initializing ExecutorService 'applicationTaskExecutor'
2020-06-16 15:12:02.074  INFO 9764 --- [restartedMain] o.s.b.a.e.web.EndpointLinksResolver      : Exposing 14 endpoint(s) beneath base path '/actuator'
2020-06-16 15:12:02.144  INFO 9764 --- [restartedMain] o.s.b.d.a.OptionalLiveReloadServer       : LiveReload server is running on port 35729
2020-06-16 15:12:02.169  INFO 9764 --- [restartedMain] o.s.b.w.embedded.tomcat.TomcatWebServer  : Tomcat started on port(s): 8080 (http) with context path ''
2020-06-16 15:12:02.174  INFO 9764 --- [restartedMain] c.j.minio.example.SpringBootMinio        : Started SpringBootMinio in 0.549 seconds (JVM running for 632.821)
2020-06-16 15:12:02.179  INFO 9764 --- [restartedMain] .ConditionEvaluationDeltaLoggingListener : Condition evaluation unchanged
2020-06-16 15:12:07.762  INFO 9764 --- [http-nio-8080-exec-10] o.a.c.c.C.[Tomcat].[localhost].[/]       : Initializing Spring DispatcherServlet 'dispatcherServlet'
2020-06-16 15:12:07.762  INFO 9764 --- [http-nio-8080-exec-10] o.s.web.servlet.DispatcherServlet        : Initializing Servlet 'dispatcherServlet'
2020-06-16 15:12:07.765  INFO 9764 --- [http-nio-8080-exec-10] o.s.web.servlet.DispatcherServlet        : Completed initialization in 3 ms
2020-06-16 15:12:07.768  INFO 9764 --- [http-nio-8080-exec-10] c.j.minio.example.MainController         : Xoa file:deo.pdf
2020-06-16 15:12:09.664  INFO 9764 --- [http-nio-8080-exec-9] c.j.minio.example.MainController         : Xoa file:deo.pdf
2020-06-16 15:13:06.714  INFO 9764 --- [Thread-38] o.s.s.concurrent.ThreadPoolTaskExecutor  : Shutting down ExecutorService 'applicationTaskExecutor'
2020-06-16 15:13:06.939  INFO 9764 --- [restartedMain] c.j.minio.example.SpringBootMinio        : Starting SpringBootMinio on DESKTOP-RRGTQS7 with PID 9764 (D:\EGOV\LRIS\MINIO\spring-boot-minio-example-master\target\classes started by ADMIN in D:\EGOV\LRIS\MINIO\spring-boot-minio-example-master)
2020-06-16 15:13:06.939  INFO 9764 --- [restartedMain] c.j.minio.example.SpringBootMinio        : No active profile set, falling back to default profiles: default
2020-06-16 15:13:07.131  WARN 9764 --- [restartedMain] org.apache.tomcat.util.modeler.Registry  : The MBean registry cannot be disabled because it has already been initialised
2020-06-16 15:13:07.138  INFO 9764 --- [restartedMain] o.s.b.w.embedded.tomcat.TomcatWebServer  : Tomcat initialized with port(s): 8080 (http)
2020-06-16 15:13:07.138  INFO 9764 --- [restartedMain] o.apache.catalina.core.StandardService   : Starting service [Tomcat]
2020-06-16 15:13:07.139  INFO 9764 --- [restartedMain] org.apache.catalina.core.StandardEngine  : Starting Servlet engine: [Apache Tomcat/9.0.27]
2020-06-16 15:13:07.151  INFO 9764 --- [restartedMain] o.a.c.c.C.[Tomcat].[localhost].[/]       : Initializing Spring embedded WebApplicationContext
2020-06-16 15:13:07.151  INFO 9764 --- [restartedMain] o.s.web.context.ContextLoader            : Root WebApplicationContext: initialization completed in 211 ms
2020-06-16 15:13:07.239  INFO 9764 --- [Thread-48] c.j.s.b.m.MinioNotificationConfiguration : Registering Minio handler on handleGetPdf with notification [s3:ObjectAccessed:Get]
2020-06-16 15:13:07.239  INFO 9764 --- [Thread-49] c.j.s.b.m.MinioNotificationConfiguration : Registering Minio handler on handleUpload with notification [s3:ObjectCreated:Post]
2020-06-16 15:13:07.246  INFO 9764 --- [restartedMain] o.s.s.concurrent.ThreadPoolTaskExecutor  : Initializing ExecutorService 'applicationTaskExecutor'
2020-06-16 15:13:07.312  INFO 9764 --- [restartedMain] o.s.b.a.e.web.EndpointLinksResolver      : Exposing 14 endpoint(s) beneath base path '/actuator'
2020-06-16 15:13:07.346  INFO 9764 --- [restartedMain] o.s.b.d.a.OptionalLiveReloadServer       : LiveReload server is running on port 35729
2020-06-16 15:13:07.370  INFO 9764 --- [restartedMain] o.s.b.w.embedded.tomcat.TomcatWebServer  : Tomcat started on port(s): 8080 (http) with context path ''
2020-06-16 15:13:07.371  INFO 9764 --- [restartedMain] c.j.minio.example.SpringBootMinio        : Started SpringBootMinio in 0.447 seconds (JVM running for 698.017)
2020-06-16 15:13:07.373  INFO 9764 --- [restartedMain] .ConditionEvaluationDeltaLoggingListener : Condition evaluation unchanged
2020-06-16 15:13:23.412  INFO 9764 --- [http-nio-8080-exec-2] o.a.c.c.C.[Tomcat].[localhost].[/]       : Initializing Spring DispatcherServlet 'dispatcherServlet'
2020-06-16 15:13:23.412  INFO 9764 --- [http-nio-8080-exec-2] o.s.web.servlet.DispatcherServlet        : Initializing Servlet 'dispatcherServlet'
2020-06-16 15:13:23.419  INFO 9764 --- [http-nio-8080-exec-2] o.s.web.servlet.DispatcherServlet        : Completed initialization in 7 ms
2020-06-16 15:13:23.422  INFO 9764 --- [http-nio-8080-exec-2] c.j.minio.example.MainController         : Xoa file:deo.pdf
2020-06-16 15:14:07.916  INFO 9764 --- [Thread-45] o.s.s.concurrent.ThreadPoolTaskExecutor  : Shutting down ExecutorService 'applicationTaskExecutor'
2020-06-16 15:14:08.154  INFO 9764 --- [restartedMain] c.j.minio.example.SpringBootMinio        : Starting SpringBootMinio on DESKTOP-RRGTQS7 with PID 9764 (D:\EGOV\LRIS\MINIO\spring-boot-minio-example-master\target\classes started by ADMIN in D:\EGOV\LRIS\MINIO\spring-boot-minio-example-master)
2020-06-16 15:14:08.154  INFO 9764 --- [restartedMain] c.j.minio.example.SpringBootMinio        : No active profile set, falling back to default profiles: default
2020-06-16 15:14:08.369  WARN 9764 --- [restartedMain] org.apache.tomcat.util.modeler.Registry  : The MBean registry cannot be disabled because it has already been initialised
2020-06-16 15:14:08.378  INFO 9764 --- [restartedMain] o.s.b.w.embedded.tomcat.TomcatWebServer  : Tomcat initialized with port(s): 8080 (http)
2020-06-16 15:14:08.378  INFO 9764 --- [restartedMain] o.apache.catalina.core.StandardService   : Starting service [Tomcat]
2020-06-16 15:14:08.378  INFO 9764 --- [restartedMain] org.apache.catalina.core.StandardEngine  : Starting Servlet engine: [Apache Tomcat/9.0.27]
2020-06-16 15:14:08.396  INFO 9764 --- [restartedMain] o.a.c.c.C.[Tomcat].[localhost].[/]       : Initializing Spring embedded WebApplicationContext
2020-06-16 15:14:08.396  INFO 9764 --- [restartedMain] o.s.web.context.ContextLoader            : Root WebApplicationContext: initialization completed in 241 ms
2020-06-16 15:14:08.488  INFO 9764 --- [Thread-56] c.j.s.b.m.MinioNotificationConfiguration : Registering Minio handler on handleUpload with notification [s3:ObjectCreated:Post]
2020-06-16 15:14:08.488  INFO 9764 --- [Thread-55] c.j.s.b.m.MinioNotificationConfiguration : Registering Minio handler on handleGetPdf with notification [s3:ObjectAccessed:Get]
2020-06-16 15:14:08.495  INFO 9764 --- [restartedMain] o.s.s.concurrent.ThreadPoolTaskExecutor  : Initializing ExecutorService 'applicationTaskExecutor'
2020-06-16 15:14:08.561  INFO 9764 --- [restartedMain] o.s.b.a.e.web.EndpointLinksResolver      : Exposing 14 endpoint(s) beneath base path '/actuator'
2020-06-16 15:14:08.603  INFO 9764 --- [restartedMain] o.s.b.d.a.OptionalLiveReloadServer       : LiveReload server is running on port 35729
2020-06-16 15:14:08.622  INFO 9764 --- [restartedMain] o.s.b.w.embedded.tomcat.TomcatWebServer  : Tomcat started on port(s): 8080 (http) with context path ''
2020-06-16 15:14:08.623  INFO 9764 --- [restartedMain] c.j.minio.example.SpringBootMinio        : Started SpringBootMinio in 0.486 seconds (JVM running for 759.268)
2020-06-16 15:14:08.625  INFO 9764 --- [restartedMain] .ConditionEvaluationDeltaLoggingListener : Condition evaluation unchanged
2020-06-16 15:14:11.859  INFO 9764 --- [http-nio-8080-exec-1] o.a.c.c.C.[Tomcat].[localhost].[/]       : Initializing Spring DispatcherServlet 'dispatcherServlet'
2020-06-16 15:14:11.860  INFO 9764 --- [http-nio-8080-exec-1] o.s.web.servlet.DispatcherServlet        : Initializing Servlet 'dispatcherServlet'
2020-06-16 15:14:11.865  INFO 9764 --- [http-nio-8080-exec-1] o.s.web.servlet.DispatcherServlet        : Completed initialization in 5 ms
2020-06-16 15:14:11.867  INFO 9764 --- [http-nio-8080-exec-1] c.j.minio.example.MainController         : Xoa file:deo.pdf
2020-06-16 15:14:25.701  INFO 9764 --- [http-nio-8080-exec-3] c.j.minio.example.MainController         : Liet ke danh sach file
2020-06-16 15:18:59.755  INFO 9764 --- [Thread-52] o.s.s.concurrent.ThreadPoolTaskExecutor  : Shutting down ExecutorService 'applicationTaskExecutor'
2020-06-16 15:18:59.994  INFO 9764 --- [restartedMain] c.j.minio.example.SpringBootMinio        : Starting SpringBootMinio on DESKTOP-RRGTQS7 with PID 9764 (D:\EGOV\LRIS\MINIO\spring-boot-minio-example-master\target\classes started by ADMIN in D:\EGOV\LRIS\MINIO\spring-boot-minio-example-master)
2020-06-16 15:18:59.994  INFO 9764 --- [restartedMain] c.j.minio.example.SpringBootMinio        : No active profile set, falling back to default profiles: default
2020-06-16 15:19:00.201  WARN 9764 --- [restartedMain] org.apache.tomcat.util.modeler.Registry  : The MBean registry cannot be disabled because it has already been initialised
2020-06-16 15:19:00.209  INFO 9764 --- [restartedMain] o.s.b.w.embedded.tomcat.TomcatWebServer  : Tomcat initialized with port(s): 8080 (http)
2020-06-16 15:19:00.210  INFO 9764 --- [restartedMain] o.apache.catalina.core.StandardService   : Starting service [Tomcat]
2020-06-16 15:19:00.210  INFO 9764 --- [restartedMain] org.apache.catalina.core.StandardEngine  : Starting Servlet engine: [Apache Tomcat/9.0.27]
2020-06-16 15:19:00.222  INFO 9764 --- [restartedMain] o.a.c.c.C.[Tomcat].[localhost].[/]       : Initializing Spring embedded WebApplicationContext
2020-06-16 15:19:00.222  INFO 9764 --- [restartedMain] o.s.web.context.ContextLoader            : Root WebApplicationContext: initialization completed in 227 ms
2020-06-16 15:19:00.310  INFO 9764 --- [Thread-62] c.j.s.b.m.MinioNotificationConfiguration : Registering Minio handler on handleGetPdf with notification [s3:ObjectAccessed:Get]
2020-06-16 15:19:00.311  INFO 9764 --- [Thread-63] c.j.s.b.m.MinioNotificationConfiguration : Registering Minio handler on handleUpload with notification [s3:ObjectCreated:Post]
2020-06-16 15:19:00.317  INFO 9764 --- [restartedMain] o.s.s.concurrent.ThreadPoolTaskExecutor  : Initializing ExecutorService 'applicationTaskExecutor'
2020-06-16 15:19:00.376  INFO 9764 --- [restartedMain] o.s.b.a.e.web.EndpointLinksResolver      : Exposing 14 endpoint(s) beneath base path '/actuator'
2020-06-16 15:19:00.410  INFO 9764 --- [restartedMain] o.s.b.d.a.OptionalLiveReloadServer       : LiveReload server is running on port 35729
2020-06-16 15:19:00.425  INFO 9764 --- [restartedMain] o.s.b.w.embedded.tomcat.TomcatWebServer  : Tomcat started on port(s): 8080 (http) with context path ''
2020-06-16 15:19:00.425  INFO 9764 --- [restartedMain] c.j.minio.example.SpringBootMinio        : Started SpringBootMinio in 0.447 seconds (JVM running for 1051.071)
2020-06-16 15:19:00.428  INFO 9764 --- [restartedMain] .ConditionEvaluationDeltaLoggingListener : Condition evaluation unchanged
2020-06-16 15:19:08.288  INFO 9764 --- [http-nio-8080-exec-1] o.a.c.c.C.[Tomcat].[localhost].[/]       : Initializing Spring DispatcherServlet 'dispatcherServlet'
2020-06-16 15:19:08.289  INFO 9764 --- [http-nio-8080-exec-1] o.s.web.servlet.DispatcherServlet        : Initializing Servlet 'dispatcherServlet'
2020-06-16 15:19:08.298  INFO 9764 --- [http-nio-8080-exec-1] o.s.web.servlet.DispatcherServlet        : Completed initialization in 9 ms
2020-06-16 15:20:05.026  INFO 9764 --- [Thread-59] o.s.s.concurrent.ThreadPoolTaskExecutor  : Shutting down ExecutorService 'applicationTaskExecutor'
2020-06-16 15:20:05.329  INFO 9764 --- [restartedMain] c.j.minio.example.SpringBootMinio        : Starting SpringBootMinio on DESKTOP-RRGTQS7 with PID 9764 (D:\EGOV\LRIS\MINIO\spring-boot-minio-example-master\target\classes started by ADMIN in D:\EGOV\LRIS\MINIO\spring-boot-minio-example-master)
2020-06-16 15:20:05.329  INFO 9764 --- [restartedMain] c.j.minio.example.SpringBootMinio        : No active profile set, falling back to default profiles: default
2020-06-16 15:20:05.571  WARN 9764 --- [restartedMain] org.apache.tomcat.util.modeler.Registry  : The MBean registry cannot be disabled because it has already been initialised
2020-06-16 15:20:05.582  INFO 9764 --- [restartedMain] o.s.b.w.embedded.tomcat.TomcatWebServer  : Tomcat initialized with port(s): 8080 (http)
2020-06-16 15:20:05.582  INFO 9764 --- [restartedMain] o.apache.catalina.core.StandardService   : Starting service [Tomcat]
2020-06-16 15:20:05.582  INFO 9764 --- [restartedMain] org.apache.catalina.core.StandardEngine  : Starting Servlet engine: [Apache Tomcat/9.0.27]
2020-06-16 15:20:05.594  INFO 9764 --- [restartedMain] o.a.c.c.C.[Tomcat].[localhost].[/]       : Initializing Spring embedded WebApplicationContext
2020-06-16 15:20:05.594  INFO 9764 --- [restartedMain] o.s.web.context.ContextLoader            : Root WebApplicationContext: initialization completed in 261 ms
2020-06-16 15:20:05.683  INFO 9764 --- [Thread-70] c.j.s.b.m.MinioNotificationConfiguration : Registering Minio handler on handleUpload with notification [s3:ObjectCreated:Post]
2020-06-16 15:20:05.683  INFO 9764 --- [Thread-69] c.j.s.b.m.MinioNotificationConfiguration : Registering Minio handler on handleGetPdf with notification [s3:ObjectAccessed:Get]
2020-06-16 15:20:05.689  INFO 9764 --- [restartedMain] o.s.s.concurrent.ThreadPoolTaskExecutor  : Initializing ExecutorService 'applicationTaskExecutor'
2020-06-16 15:20:05.753  INFO 9764 --- [restartedMain] o.s.b.a.e.web.EndpointLinksResolver      : Exposing 14 endpoint(s) beneath base path '/actuator'
2020-06-16 15:20:05.788  INFO 9764 --- [restartedMain] o.s.b.d.a.OptionalLiveReloadServer       : LiveReload server is running on port 35729
2020-06-16 15:20:05.805  INFO 9764 --- [restartedMain] o.s.b.w.embedded.tomcat.TomcatWebServer  : Tomcat started on port(s): 8080 (http) with context path ''
2020-06-16 15:20:05.805  INFO 9764 --- [restartedMain] c.j.minio.example.SpringBootMinio        : Started SpringBootMinio in 0.502 seconds (JVM running for 1116.451)
2020-06-16 15:20:05.807  INFO 9764 --- [restartedMain] .ConditionEvaluationDeltaLoggingListener : Condition evaluation unchanged
2020-06-16 15:20:08.629  INFO 9764 --- [http-nio-8080-exec-1] o.a.c.c.C.[Tomcat].[localhost].[/]       : Initializing Spring DispatcherServlet 'dispatcherServlet'
2020-06-16 15:20:08.629  INFO 9764 --- [http-nio-8080-exec-1] o.s.web.servlet.DispatcherServlet        : Initializing Servlet 'dispatcherServlet'
2020-06-16 15:20:08.636  INFO 9764 --- [http-nio-8080-exec-1] o.s.web.servlet.DispatcherServlet        : Completed initialization in 6 ms
2020-06-16 15:20:08.662  INFO 9764 --- [http-nio-8080-exec-1] c.j.minio.example.MainController         : File khong ton tai
2020-06-16 15:20:16.847  INFO 9764 --- [http-nio-8080-exec-2] c.j.minio.example.MainController         : Liet ke danh sach file
2020-06-16 15:21:06.360  INFO 9764 --- [Thread-66] o.s.s.concurrent.ThreadPoolTaskExecutor  : Shutting down ExecutorService 'applicationTaskExecutor'
2020-06-16 15:21:06.623  INFO 9764 --- [restartedMain] c.j.minio.example.SpringBootMinio        : Starting SpringBootMinio on DESKTOP-RRGTQS7 with PID 9764 (D:\EGOV\LRIS\MINIO\spring-boot-minio-example-master\target\classes started by ADMIN in D:\EGOV\LRIS\MINIO\spring-boot-minio-example-master)
2020-06-16 15:21:06.623  INFO 9764 --- [restartedMain] c.j.minio.example.SpringBootMinio        : No active profile set, falling back to default profiles: default
2020-06-16 15:21:06.832  WARN 9764 --- [restartedMain] org.apache.tomcat.util.modeler.Registry  : The MBean registry cannot be disabled because it has already been initialised
2020-06-16 15:21:06.848  INFO 9764 --- [restartedMain] o.s.b.w.embedded.tomcat.TomcatWebServer  : Tomcat initialized with port(s): 8080 (http)
2020-06-16 15:21:06.848  INFO 9764 --- [restartedMain] o.apache.catalina.core.StandardService   : Starting service [Tomcat]
2020-06-16 15:21:06.848  INFO 9764 --- [restartedMain] org.apache.catalina.core.StandardEngine  : Starting Servlet engine: [Apache Tomcat/9.0.27]
2020-06-16 15:21:06.861  INFO 9764 --- [restartedMain] o.a.c.c.C.[Tomcat].[localhost].[/]       : Initializing Spring embedded WebApplicationContext
2020-06-16 15:21:06.861  INFO 9764 --- [restartedMain] o.s.web.context.ContextLoader            : Root WebApplicationContext: initialization completed in 237 ms
2020-06-16 15:21:06.964  INFO 9764 --- [Thread-77] c.j.s.b.m.MinioNotificationConfiguration : Registering Minio handler on handleUpload with notification [s3:ObjectCreated:Post]
2020-06-16 15:21:06.964  INFO 9764 --- [Thread-76] c.j.s.b.m.MinioNotificationConfiguration : Registering Minio handler on handleGetPdf with notification [s3:ObjectAccessed:Get]
2020-06-16 15:21:06.969  INFO 9764 --- [restartedMain] o.s.s.concurrent.ThreadPoolTaskExecutor  : Initializing ExecutorService 'applicationTaskExecutor'
2020-06-16 15:21:07.034  INFO 9764 --- [restartedMain] o.s.b.a.e.web.EndpointLinksResolver      : Exposing 14 endpoint(s) beneath base path '/actuator'
2020-06-16 15:21:07.065  INFO 9764 --- [restartedMain] o.s.b.d.a.OptionalLiveReloadServer       : LiveReload server is running on port 35729
2020-06-16 15:21:07.079  INFO 9764 --- [restartedMain] o.s.b.w.embedded.tomcat.TomcatWebServer  : Tomcat started on port(s): 8080 (http) with context path ''
2020-06-16 15:21:07.080  INFO 9764 --- [restartedMain] c.j.minio.example.SpringBootMinio        : Started SpringBootMinio in 0.473 seconds (JVM running for 1177.726)
2020-06-16 15:21:07.084  INFO 9764 --- [restartedMain] .ConditionEvaluationDeltaLoggingListener : Condition evaluation unchanged
2020-06-16 15:21:15.028  INFO 9764 --- [http-nio-8080-exec-1] o.a.c.c.C.[Tomcat].[localhost].[/]       : Initializing Spring DispatcherServlet 'dispatcherServlet'
2020-06-16 15:21:15.028  INFO 9764 --- [http-nio-8080-exec-1] o.s.web.servlet.DispatcherServlet        : Initializing Servlet 'dispatcherServlet'
2020-06-16 15:21:15.033  INFO 9764 --- [http-nio-8080-exec-1] o.s.web.servlet.DispatcherServlet        : Completed initialization in 5 ms
2020-06-16 15:21:15.046  INFO 9764 --- [http-nio-8080-exec-1] c.j.minio.example.MainController         : Xoa file:amazon_devops_vpc.txt
2020-06-16 15:21:15.055  INFO 9764 --- [http-nio-8080-exec-1] c.j.minio.example.MainController         : Da xoa:amazon_devops_vpc.txt
2020-06-16 15:21:21.900  INFO 9764 --- [RMI TCP Connection(63)-127.0.0.1] inMXBeanRegistrar$SpringApplicationAdmin : Application shutdown requested.
2020-06-16 15:21:21.902  INFO 9764 --- [RMI TCP Connection(63)-127.0.0.1] o.s.s.concurrent.ThreadPoolTaskExecutor  : Shutting down ExecutorService 'applicationTaskExecutor'
2020-06-16 15:44:43.622  INFO 9448 --- [restartedMain] c.j.minio.example.SpringBootMinio        : Starting SpringBootMinio on DESKTOP-RRGTQS7 with PID 9448 (D:\EGOV\LRIS\MINIO\spring-boot-minio-example-master\target\classes started by ADMIN in D:\EGOV\LRIS\MINIO\spring-boot-minio-example-master)
2020-06-16 15:44:43.624  INFO 9448 --- [restartedMain] c.j.minio.example.SpringBootMinio        : No active profile set, falling back to default profiles: default
2020-06-16 15:44:43.662  INFO 9448 --- [restartedMain] .e.DevToolsPropertyDefaultsPostProcessor : Devtools property defaults active! Set 'spring.devtools.add-properties' to 'false' to disable
2020-06-16 15:44:43.663  INFO 9448 --- [restartedMain] .e.DevToolsPropertyDefaultsPostProcessor : For additional web related logging consider setting the 'logging.level.web' property to 'DEBUG'
2020-06-16 15:44:44.571  INFO 9448 --- [restartedMain] o.s.b.w.embedded.tomcat.TomcatWebServer  : Tomcat initialized with port(s): 8080 (http)
2020-06-16 15:44:44.576  INFO 9448 --- [restartedMain] o.apache.catalina.core.StandardService   : Starting service [Tomcat]
2020-06-16 15:44:44.577  INFO 9448 --- [restartedMain] org.apache.catalina.core.StandardEngine  : Starting Servlet engine: [Apache Tomcat/9.0.27]
2020-06-16 15:44:44.635  INFO 9448 --- [restartedMain] o.a.c.c.C.[Tomcat].[localhost].[/]       : Initializing Spring embedded WebApplicationContext
2020-06-16 15:44:44.635  INFO 9448 --- [restartedMain] o.s.web.context.ContextLoader            : Root WebApplicationContext: initialization completed in 972 ms
2020-06-16 15:44:45.084  INFO 9448 --- [Thread-4] c.j.s.b.m.MinioNotificationConfiguration : Registering Minio handler on handleGetPdf with notification [s3:ObjectAccessed:Get]
2020-06-16 15:44:45.084  INFO 9448 --- [Thread-5] c.j.s.b.m.MinioNotificationConfiguration : Registering Minio handler on handleUpload with notification [s3:ObjectCreated:Post]
2020-06-16 15:44:45.103  INFO 9448 --- [restartedMain] o.s.s.concurrent.ThreadPoolTaskExecutor  : Initializing ExecutorService 'applicationTaskExecutor'
2020-06-16 15:44:45.311  INFO 9448 --- [restartedMain] o.s.b.a.e.web.EndpointLinksResolver      : Exposing 14 endpoint(s) beneath base path '/actuator'
2020-06-16 15:44:45.403  INFO 9448 --- [restartedMain] o.s.b.d.a.OptionalLiveReloadServer       : LiveReload server is running on port 35729
2020-06-16 15:44:45.447  INFO 9448 --- [restartedMain] o.s.b.w.embedded.tomcat.TomcatWebServer  : Tomcat started on port(s): 8080 (http) with context path ''
2020-06-16 15:44:45.450  INFO 9448 --- [restartedMain] c.j.minio.example.SpringBootMinio        : Started SpringBootMinio in 2.08 seconds (JVM running for 3.01)
2020-06-16 15:45:03.981  INFO 9448 --- [http-nio-8080-exec-1] o.a.c.c.C.[Tomcat].[localhost].[/]       : Initializing Spring DispatcherServlet 'dispatcherServlet'
2020-06-16 15:45:03.982  INFO 9448 --- [http-nio-8080-exec-1] o.s.web.servlet.DispatcherServlet        : Initializing Servlet 'dispatcherServlet'
2020-06-16 15:45:03.989  INFO 9448 --- [http-nio-8080-exec-1] o.s.web.servlet.DispatcherServlet        : Completed initialization in 7 ms
2020-06-16 15:46:19.100  INFO 9448 --- [http-nio-8080-exec-5] c.j.minio.example.MainController         : File khong ton tai
2020-06-16 15:46:24.806  INFO 9448 --- [RMI TCP Connection(12)-127.0.0.1] inMXBeanRegistrar$SpringApplicationAdmin : Application shutdown requested.
2020-06-16 15:46:24.815  INFO 9448 --- [RMI TCP Connection(12)-127.0.0.1] o.s.s.concurrent.ThreadPoolTaskExecutor  : Shutting down ExecutorService 'applicationTaskExecutor'
